Drill report for C:\Users\Tanner\Documents\GitHub\ECE299\AlarmClock\AlarmClock.kicad_pcb
Created on 7/3/2018 10:35:44 PM

Copper Layer Stackup:
    =============================================================
    L1 :  F.Cu                      front
    L2 :  B.Cu                      back


Drill file 'AlarmClock.drl' contains
    plated through holes:
    =============================================================
    T1  0.51mm  0.020"  (11 holes)
    T2  0.71mm  0.028"  (4 holes)
    T3  0.71mm  0.028"  (15 holes)
    T4  0.89mm  0.035"  (54 holes)
    T5  1.00mm  0.039"  (3 holes)
    T6  1.00mm  0.039"  (2 holes)
    T7  1.07mm  0.042"  (122 holes)
    T8  1.10mm  0.043"  (20 holes)

    Total plated holes count 231


Drill file 'AlarmClock-NPTH.drl' contains
    unplated through holes:
    =============================================================
    T1  2.00mm  0.079"  (2 holes)
    T2  3.20mm  0.126"  (4 holes)

    Total unplated holes count 6
